[00:00:44] [wcore-redislisten-thread-pool-0/INFO]: [WCore] [STDOUT] removing
[00:01:31] [wcore-redislisten-thread-pool-0/INFO]: [WCore] [STDOUT] removing
[00:02:19] [wcore-redislisten-thread-pool-0/INFO]: [WCore] [STDOUT] removing
[00:03:53] [wcore-redislisten-thread-pool-0/INFO]: [WCore] [STDOUT] removing
[00:03:53] [wcore-redislisten-thread-pool-0/WARN]: Nag author(s): '[nootnoot]' of 'WCore v1.0.0' about their usage of System.out/err.print. Please use your plugin's logger instead (JavaPlugin#getLogger).
[00:05:07] [wcore-redislisten-thread-pool-0/INFO]: [WCore] [STDOUT] removing
[00:05:15] [wcore-redislisten-thread-pool-0/INFO]: [WCore] [STDOUT] removing
[00:15:51] [wcore-redislisten-thread-pool-0/INFO]: [WCore] [STDOUT] removing
[00:15:51] [wcore-redislisten-thread-pool-0/WARN]: Nag author(s): '[nootnoot]' of 'WCore v1.0.0' about their usage of System.out/err.print. Please use your plugin's logger instead (JavaPlugin#getLogger).
[00:20:49] [wcore-redislisten-thread-pool-0/INFO]: [WCore] [STDOUT] removing
[00:22:14] [wcore-redislisten-thread-pool-0/INFO]: [WCore] [STDOUT] removing
[00:22:14] [wcore-redislisten-thread-pool-0/WARN]: Nag author(s): '[nootnoot]' of 'WCore v1.0.0' about their usage of System.out/err.print. Please use your plugin's logger instead (JavaPlugin#getLogger).
[00:24:02] [wcore-redislisten-thread-pool-0/INFO]: [WCore] [STDOUT] removing
[00:28:57] [wcore-redislisten-thread-pool-0/INFO]: [WCore] [STDOUT] removing
[00:28:57] [wcore-redislisten-thread-pool-0/WARN]: Nag author(s): '[nootnoot]' of 'WCore v1.0.0' about their usage of System.out/err.print. Please use your plugin's logger instead (JavaPlugin#getLogger).
[00:31:59] [wcore-redislisten-thread-pool-0/INFO]: [WCore] [STDOUT] removing
[00:39:20] [wcore-redislisten-thread-pool-0/INFO]: [WCore] [STDOUT] removing
[00:39:20] [wcore-redislisten-thread-pool-0/WARN]: Nag author(s): '[nootnoot]' of 'WCore v1.0.0' about their usage of System.out/err.print. Please use your plugin's logger instead (JavaPlugin#getLogger).
[00:41:18] [wcore-redislisten-thread-pool-0/INFO]: [WCore] [STDOUT] removing
[00:43:41] [wcore-redislisten-thread-pool-0/INFO]: [WCore] [STDOUT] removing
[00:49:45] [wcore-redislisten-thread-pool-0/INFO]: [WCore] [STDOUT] removing
[00:49:45] [wcore-redislisten-thread-pool-0/WARN]: Nag author(s): '[nootnoot]' of 'WCore v1.0.0' about their usage of System.out/err.print. Please use your plugin's logger instead (JavaPlugin#getLogger).
[00:50:00] [wcore-redislisten-thread-pool-0/INFO]: [WCore] [STDOUT] removing
[00:54:54] [wcore-redislisten-thread-pool-0/INFO]: [WCore] [STDOUT] removing
[00:54:54] [wcore-redislisten-thread-pool-0/WARN]: Nag author(s): '[nootnoot]' of 'WCore v1.0.0' about their usage of System.out/err.print. Please use your plugin's logger instead (JavaPlugin#getLogger).
[00:57:06] [wcore-redislisten-thread-pool-0/INFO]: [WCore] [STDOUT] removing
[00:57:57] [wcore-redislisten-thread-pool-0/INFO]: [WCore] [STDOUT] removing
[01:00:37] [wcore-redislisten-thread-pool-0/INFO]: [WCore] [STDOUT] removing
[01:00:37] [wcore-redislisten-thread-pool-0/WARN]: Nag author(s): '[nootnoot]' of 'WCore v1.0.0' about their usage of System.out/err.print. Please use your plugin's logger instead (JavaPlugin#getLogger).
[01:00:59] [wcore-redislisten-thread-pool-0/INFO]: [WCore] [STDOUT] removing
[01:02:36] [wcore-redislisten-thread-pool-0/INFO]: [WCore] [STDOUT] removing
[01:03:15] [wcore-redislisten-thread-pool-0/INFO]: [WCore] [STDOUT] removing
[01:08:26] [wcore-redislisten-thread-pool-0/INFO]: [WCore] [STDOUT] removing
[01:08:26] [wcore-redislisten-thread-pool-0/WARN]: Nag author(s): '[nootnoot]' of 'WCore v1.0.0' about their usage of System.out/err.print. Please use your plugin's logger instead (JavaPlugin#getLogger).
[01:08:36] [wcore-redislisten-thread-pool-0/INFO]: [WCore] [STDOUT] removing
[01:09:25] [wcore-redislisten-thread-pool-0/INFO]: [WCore] [STDOUT] removing
[01:10:07] [wcore-redislisten-thread-pool-0/INFO]: [WCore] [STDOUT] removing
[01:10:41] [wcore-redislisten-thread-pool-0/INFO]: [WCore] [STDOUT] removing
[01:10:43] [wcore-redislisten-thread-pool-0/INFO]: [WCore] [STDOUT] removing
[01:11:16] [wcore-redislisten-thread-pool-0/INFO]: [WCore] [STDOUT] removing
[01:11:32] [wcore-redislisten-thread-pool-0/INFO]: [WCore] [STDOUT] removing
[01:12:24] [wcore-redislisten-thread-pool-0/INFO]: [WCore] [STDOUT] removing
[01:14:16] [wcore-redislisten-thread-pool-0/INFO]: [WCore] [STDOUT] removing
[01:14:16] [wcore-redislisten-thread-pool-0/WARN]: Nag author(s): '[nootnoot]' of 'WCore v1.0.0' about their usage of System.out/err.print. Please use your plugin's logger instead (JavaPlugin#getLogger).
[01:14:44] [wcore-redislisten-thread-pool-0/INFO]: [WCore] [STDOUT] removing
[01:15:18] [wcore-redislisten-thread-pool-0/INFO]: [WCore] [STDOUT] removing
[01:17:52] [wcore-redislisten-thread-pool-0/INFO]: [WCore] [STDOUT] removing
[01:19:13] [wcore-redislisten-thread-pool-0/INFO]: [WCore] [STDOUT] removing
[01:19:38] [wcore-redislisten-thread-pool-0/INFO]: [WCore] [STDOUT] removing
[01:19:38] [wcore-redislisten-thread-pool-0/WARN]: Nag author(s): '[nootnoot]' of 'WCore v1.0.0' about their usage of System.out/err.print. Please use your plugin's logger instead (JavaPlugin#getLogger).
[01:20:18] [wcore-redislisten-thread-pool-0/INFO]: [WCore] [STDOUT] removing
[01:20:31] [wcore-redislisten-thread-pool-0/INFO]: [WCore] [STDOUT] removing
[01:20:56] [wcore-redislisten-thread-pool-0/INFO]: [WCore] [STDOUT] removing
[01:21:23] [wcore-redislisten-thread-pool-0/INFO]: [WCore] [STDOUT] removing
[01:22:30] [wcore-redislisten-thread-pool-0/INFO]: [WCore] [STDOUT] removing
[01:22:38] [wcore-redislisten-thread-pool-0/INFO]: [WCore] [STDOUT] removing
[01:23:39] [wcore-redislisten-thread-pool-0/INFO]: [WCore] [STDOUT] removing
[01:24:10] [wcore-redislisten-thread-pool-0/INFO]: [WCore] [STDOUT] removing
[01:27:08] [wcore-redislisten-thread-pool-0/INFO]: [WCore] [STDOUT] removing
[01:27:08] [wcore-redislisten-thread-pool-0/WARN]: Nag author(s): '[nootnoot]' of 'WCore v1.0.0' about their usage of System.out/err.print. Please use your plugin's logger instead (JavaPlugin#getLogger).
[01:29:01] [wcore-redislisten-thread-pool-0/INFO]: [WCore] [STDOUT] removing
[01:29:04] [wcore-redislisten-thread-pool-0/INFO]: [WCore] [STDOUT] removing
[01:29:22] [wcore-redislisten-thread-pool-0/INFO]: [WCore] [STDOUT] removing
[01:30:23] [wcore-redislisten-thread-pool-0/INFO]: [WCore] [STDOUT] removing
[01:31:59] [wcore-redislisten-thread-pool-0/INFO]: [WCore] [STDOUT] removing
[01:32:51] [wcore-redislisten-thread-pool-0/INFO]: [WCore] [STDOUT] removing
[01:32:51] [wcore-redislisten-thread-pool-0/WARN]: Nag author(s): '[nootnoot]' of 'WCore v1.0.0' about their usage of System.out/err.print. Please use your plugin's logger instead (JavaPlugin#getLogger).
[01:33:29] [wcore-redislisten-thread-pool-0/INFO]: [WCore] [STDOUT] removing
[01:35:10] [wcore-redislisten-thread-pool-0/INFO]: [WCore] [STDOUT] removing
[01:35:42] [wcore-redislisten-thread-pool-0/INFO]: [WCore] [STDOUT] removing
[01:35:54] [wcore-redislisten-thread-pool-0/INFO]: [WCore] [STDOUT] removing
[01:36:04] [wcore-redislisten-thread-pool-0/INFO]: [WCore] [STDOUT] removing
[01:36:32] [wcore-redislisten-thread-pool-0/INFO]: [WCore] [STDOUT] removing
[01:38:46] [wcore-redislisten-thread-pool-0/INFO]: [WCore] [STDOUT] removing
[01:38:46] [wcore-redislisten-thread-pool-0/WARN]: Nag author(s): '[nootnoot]' of 'WCore v1.0.0' about their usage of System.out/err.print. Please use your plugin's logger instead (JavaPlugin#getLogger).
[01:42:58] [Craft Scheduler Thread - 5 - Vault/INFO]: [Vault] Checking for Updates ... 
[01:42:58] [Craft Scheduler Thread - 5 - Vault/INFO]: [Vault] No new version available
[01:43:11] [wcore-redislisten-thread-pool-0/INFO]: [WCore] [STDOUT] removing
[01:53:00] [wcore-redislisten-thread-pool-0/INFO]: [WCore] [STDOUT] removing
[01:53:00] [wcore-redislisten-thread-pool-0/WARN]: Nag author(s): '[nootnoot]' of 'WCore v1.0.0' about their usage of System.out/err.print. Please use your plugin's logger instead (JavaPlugin#getLogger).
[01:54:02] [wcore-redislisten-thread-pool-0/INFO]: [WCore] [STDOUT] removing
[01:59:15] [wcore-redislisten-thread-pool-0/INFO]: [WCore] [STDOUT] removing
[01:59:15] [wcore-redislisten-thread-pool-0/WARN]: Nag author(s): '[nootnoot]' of 'WCore v1.0.0' about their usage of System.out/err.print. Please use your plugin's logger instead (JavaPlugin#getLogger).
[02:00:12] [wcore-redislisten-thread-pool-0/INFO]: [WCore] [STDOUT] removing
[02:05:28] [wcore-redislisten-thread-pool-0/INFO]: [WCore] [STDOUT] removing
[02:05:28] [wcore-redislisten-thread-pool-0/WARN]: Nag author(s): '[nootnoot]' of 'WCore v1.0.0' about their usage of System.out/err.print. Please use your plugin's logger instead (JavaPlugin#getLogger).
[02:07:13] [wcore-redislisten-thread-pool-0/INFO]: [WCore] [STDOUT] removing
[02:15:24] [wcore-redislisten-thread-pool-0/INFO]: [WCore] [STDOUT] removing
[02:15:24] [wcore-redislisten-thread-pool-0/WARN]: Nag author(s): '[nootnoot]' of 'WCore v1.0.0' about their usage of System.out/err.print. Please use your plugin's logger instead (JavaPlugin#getLogger).
[02:17:08] [Server thread/INFO]: No player was found
[02:17:40] [wcore-redislisten-thread-pool-0/INFO]: [WCore] [STDOUT] removing
[02:18:55] [wcore-redislisten-thread-pool-0/INFO]: [WCore] [STDOUT] removing
[02:22:10] [wcore-redislisten-thread-pool-0/INFO]: [WCore] [STDOUT] removing
[02:22:10] [wcore-redislisten-thread-pool-0/WARN]: Nag author(s): '[nootnoot]' of 'WCore v1.0.0' about their usage of System.out/err.print. Please use your plugin's logger instead (JavaPlugin#getLogger).
[02:24:04] [wcore-redislisten-thread-pool-0/INFO]: [WCore] [STDOUT] removing
[02:24:12] [wcore-redislisten-thread-pool-0/INFO]: [WCore] [STDOUT] removing
[02:25:11] [wcore-redislisten-thread-pool-0/INFO]: [WCore] [STDOUT] removing
[02:28:35] [Server thread/INFO]: No player was found
[02:36:22] [wcore-redislisten-thread-pool-0/INFO]: [WCore] [STDOUT] removing
[02:36:22] [wcore-redislisten-thread-pool-0/WARN]: Nag author(s): '[nootnoot]' of 'WCore v1.0.0' about their usage of System.out/err.print. Please use your plugin's logger instead (JavaPlugin#getLogger).
[02:38:12] [wcore-redislisten-thread-pool-0/INFO]: [WCore] [STDOUT] removing
[02:42:03] [wcore-redislisten-thread-pool-0/INFO]: [WCore] [STDOUT] removing
[02:42:03] [wcore-redislisten-thread-pool-0/WARN]: Nag author(s): '[nootnoot]' of 'WCore v1.0.0' about their usage of System.out/err.print. Please use your plugin's logger instead (JavaPlugin#getLogger).
[02:44:02] [wcore-redislisten-thread-pool-0/INFO]: [WCore] [STDOUT] removing
[02:44:13] [wcore-redislisten-thread-pool-0/INFO]: [WCore] [STDOUT] removing
[02:44:53] [wcore-redislisten-thread-pool-0/INFO]: [WCore] [STDOUT] removing
[02:45:34] [wcore-redislisten-thread-pool-0/INFO]: [WCore] [STDOUT] removing
[02:45:56] [wcore-redislisten-thread-pool-0/INFO]: [WCore] [STDOUT] removing
[02:51:17] [wcore-redislisten-thread-pool-0/INFO]: [WCore] [STDOUT] removing
[02:51:17] [wcore-redislisten-thread-pool-0/WARN]: Nag author(s): '[nootnoot]' of 'WCore v1.0.0' about their usage of System.out/err.print. Please use your plugin's logger instead (JavaPlugin#getLogger).
[02:51:26] [wcore-redislisten-thread-pool-0/INFO]: [WCore] [STDOUT] removing
[02:52:09] [wcore-redislisten-thread-pool-0/INFO]: [WCore] [STDOUT] removing
[02:52:35] [wcore-redislisten-thread-pool-0/INFO]: [WCore] [STDOUT] removing
[03:13:41] [wcore-redislisten-thread-pool-0/INFO]: [WCore] [STDOUT] removing
[03:13:41] [wcore-redislisten-thread-pool-0/WARN]: Nag author(s): '[nootnoot]' of 'WCore v1.0.0' about their usage of System.out/err.print. Please use your plugin's logger instead (JavaPlugin#getLogger).
[03:30:47] [wcore-redislisten-thread-pool-0/INFO]: [WCore] [STDOUT] removing
[03:30:47] [wcore-redislisten-thread-pool-0/WARN]: Nag author(s): '[nootnoot]' of 'WCore v1.0.0' about their usage of System.out/err.print. Please use your plugin's logger instead (JavaPlugin#getLogger).
[03:33:00] [wcore-redislisten-thread-pool-0/INFO]: [WCore] [STDOUT] removing
[03:33:42] [wcore-redislisten-thread-pool-0/INFO]: [WCore] [STDOUT] removing
[03:41:39] [wcore-redislisten-thread-pool-0/INFO]: [WCore] [STDOUT] removing
[03:41:39] [wcore-redislisten-thread-pool-0/WARN]: Nag author(s): '[nootnoot]' of 'WCore v1.0.0' about their usage of System.out/err.print. Please use your plugin's logger instead (JavaPlugin#getLogger).
[03:48:46] [wcore-redislisten-thread-pool-0/INFO]: [WCore] [STDOUT] removing
[03:48:46] [wcore-redislisten-thread-pool-0/WARN]: Nag author(s): '[nootnoot]' of 'WCore v1.0.0' about their usage of System.out/err.print. Please use your plugin's logger instead (JavaPlugin#getLogger).
[03:50:39] [wcore-redislisten-thread-pool-0/INFO]: [WCore] [STDOUT] removing
[03:53:20] [wcore-redislisten-thread-pool-0/INFO]: [WCore] [STDOUT] removing
[04:00:11] [wcore-redislisten-thread-pool-0/INFO]: [WCore] [STDOUT] removing
[04:00:11] [wcore-redislisten-thread-pool-0/WARN]: Nag author(s): '[nootnoot]' of 'WCore v1.0.0' about their usage of System.out/err.print. Please use your plugin's logger instead (JavaPlugin#getLogger).
[04:00:22] [wcore-redislisten-thread-pool-0/INFO]: [WCore] [STDOUT] removing
[04:01:03] [wcore-redislisten-thread-pool-0/INFO]: [WCore] [STDOUT] removing
[04:01:47] [wcore-redislisten-thread-pool-0/INFO]: [WCore] [STDOUT] removing
[04:03:54] [wcore-redislisten-thread-pool-0/INFO]: [WCore] [STDOUT] removing
[04:05:15] [wcore-redislisten-thread-pool-0/INFO]: [WCore] [STDOUT] removing
[04:05:15] [wcore-redislisten-thread-pool-0/WARN]: Nag author(s): '[nootnoot]' of 'WCore v1.0.0' about their usage of System.out/err.print. Please use your plugin's logger instead (JavaPlugin#getLogger).
[04:05:32] [wcore-redislisten-thread-pool-0/INFO]: [WCore] [STDOUT] removing
[04:05:37] [wcore-redislisten-thread-pool-0/INFO]: [WCore] [STDOUT] removing
[04:07:41] [wcore-redislisten-thread-pool-0/INFO]: [WCore] [STDOUT] removing
[04:10:19] [wcore-redislisten-thread-pool-0/INFO]: [WCore] [STDOUT] removing
[04:10:19] [wcore-redislisten-thread-pool-0/WARN]: Nag author(s): '[nootnoot]' of 'WCore v1.0.0' about their usage of System.out/err.print. Please use your plugin's logger instead (JavaPlugin#getLogger).
[04:14:39] [wcore-redislisten-thread-pool-0/INFO]: [WCore] [STDOUT] removing
[04:16:23] [wcore-redislisten-thread-pool-0/INFO]: [WCore] [STDOUT] removing
[04:16:23] [wcore-redislisten-thread-pool-0/WARN]: Nag author(s): '[nootnoot]' of 'WCore v1.0.0' about their usage of System.out/err.print. Please use your plugin's logger instead (JavaPlugin#getLogger).
[04:17:17] [wcore-redislisten-thread-pool-0/INFO]: [WCore] [STDOUT] removing
[04:19:24] [wcore-redislisten-thread-pool-0/INFO]: [WCore] [STDOUT] removing
[04:19:36] [wcore-redislisten-thread-pool-0/INFO]: [WCore] [STDOUT] removing
[04:19:42] [wcore-redislisten-thread-pool-0/INFO]: [WCore] [STDOUT] removing
[04:20:36] [Server thread/INFO]: No player was found
[04:21:28] [wcore-redislisten-thread-pool-0/INFO]: [WCore] [STDOUT] removing
[04:21:28] [wcore-redislisten-thread-pool-0/WARN]: Nag author(s): '[nootnoot]' of 'WCore v1.0.0' about their usage of System.out/err.print. Please use your plugin's logger instead (JavaPlugin#getLogger).
[04:24:07] [wcore-redislisten-thread-pool-0/INFO]: [WCore] [STDOUT] removing
[04:31:11] [wcore-redislisten-thread-pool-0/INFO]: [WCore] [STDOUT] removing
[04:31:11] [wcore-redislisten-thread-pool-0/WARN]: Nag author(s): '[nootnoot]' of 'WCore v1.0.0' about their usage of System.out/err.print. Please use your plugin's logger instead (JavaPlugin#getLogger).
[04:41:45] [wcore-redislisten-thread-pool-0/INFO]: [WCore] [STDOUT] removing
[04:41:45] [wcore-redislisten-thread-pool-0/WARN]: Nag author(s): '[nootnoot]' of 'WCore v1.0.0' about their usage of System.out/err.print. Please use your plugin's logger instead (JavaPlugin#getLogger).
[04:43:12] [wcore-redislisten-thread-pool-0/INFO]: [WCore] [STDOUT] removing
[04:49:44] [wcore-redislisten-thread-pool-0/INFO]: [WCore] [STDOUT] removing
[04:49:44] [wcore-redislisten-thread-pool-0/WARN]: Nag author(s): '[nootnoot]' of 'WCore v1.0.0' about their usage of System.out/err.print. Please use your plugin's logger instead (JavaPlugin#getLogger).
[04:55:21] [wcore-redislisten-thread-pool-0/INFO]: [WCore] [STDOUT] removing
[04:55:21] [wcore-redislisten-thread-pool-0/WARN]: Nag author(s): '[nootnoot]' of 'WCore v1.0.0' about their usage of System.out/err.print. Please use your plugin's logger instead (JavaPlugin#getLogger).
[04:58:56] [wcore-redislisten-thread-pool-0/INFO]: [WCore] [STDOUT] removing
[05:08:57] [wcore-redislisten-thread-pool-0/INFO]: [WCore] [STDOUT] removing
[05:08:57] [wcore-redislisten-thread-pool-0/WARN]: Nag author(s): '[nootnoot]' of 'WCore v1.0.0' about their usage of System.out/err.print. Please use your plugin's logger instead (JavaPlugin#getLogger).
[05:09:00] [wcore-redislisten-thread-pool-0/INFO]: [WCore] [STDOUT] removing
[05:09:43] [wcore-redislisten-thread-pool-0/INFO]: [WCore] [STDOUT] removing
[05:13:04] [wcore-redislisten-thread-pool-0/INFO]: [WCore] [STDOUT] removing
[05:18:53] [wcore-redislisten-thread-pool-0/INFO]: [WCore] [STDOUT] removing
[05:18:53] [wcore-redislisten-thread-pool-0/WARN]: Nag author(s): '[nootnoot]' of 'WCore v1.0.0' about their usage of System.out/err.print. Please use your plugin's logger instead (JavaPlugin#getLogger).
[05:20:21] [wcore-redislisten-thread-pool-0/INFO]: [WCore] [STDOUT] removing
[05:21:42] [wcore-redislisten-thread-pool-0/INFO]: [WCore] [STDOUT] removing
[05:21:42] [wcore-redislisten-thread-pool-0/INFO]: [WCore] [STDOUT] removing
[05:23:49] [wcore-redislisten-thread-pool-0/INFO]: [WCore] [STDOUT] removing
[05:26:44] [wcore-redislisten-thread-pool-0/INFO]: [WCore] [STDOUT] removing
[05:26:44] [wcore-redislisten-thread-pool-0/WARN]: Nag author(s): '[nootnoot]' of 'WCore v1.0.0' about their usage of System.out/err.print. Please use your plugin's logger instead (JavaPlugin#getLogger).
[05:33:52] [wcore-redislisten-thread-pool-0/INFO]: [WCore] [STDOUT] removing
[05:33:52] [wcore-redislisten-thread-pool-0/WARN]: Nag author(s): '[nootnoot]' of 'WCore v1.0.0' about their usage of System.out/err.print. Please use your plugin's logger instead (JavaPlugin#getLogger).
[05:38:59] [wcore-redislisten-thread-pool-0/INFO]: [WCore] [STDOUT] removing
[05:38:59] [wcore-redislisten-thread-pool-0/WARN]: Nag author(s): '[nootnoot]' of 'WCore v1.0.0' about their usage of System.out/err.print. Please use your plugin's logger instead (JavaPlugin#getLogger).
[05:40:39] [wcore-redislisten-thread-pool-0/INFO]: [WCore] [STDOUT] removing
[05:40:41] [wcore-redislisten-thread-pool-0/INFO]: [WCore] [STDOUT] removing
[05:47:13] [wcore-redislisten-thread-pool-0/INFO]: [WCore] [STDOUT] removing
[05:47:13] [wcore-redislisten-thread-pool-0/WARN]: Nag author(s): '[nootnoot]' of 'WCore v1.0.0' about their usage of System.out/err.print. Please use your plugin's logger instead (JavaPlugin#getLogger).
[05:52:00] [wcore-redislisten-thread-pool-0/INFO]: [WCore] [STDOUT] removing
[05:52:09] [wcore-redislisten-thread-pool-0/INFO]: [WCore] [STDOUT] removing
[05:53:25] [wcore-redislisten-thread-pool-0/INFO]: [WCore] [STDOUT] removing
[05:53:25] [wcore-redislisten-thread-pool-0/WARN]: Nag author(s): '[nootnoot]' of 'WCore v1.0.0' about their usage of System.out/err.print. Please use your plugin's logger instead (JavaPlugin#getLogger).
[05:54:57] [wcore-redislisten-thread-pool-0/INFO]: [WCore] [STDOUT] removing
[05:55:03] [wcore-redislisten-thread-pool-0/INFO]: [WCore] [STDOUT] removing
[05:56:00] [wcore-redislisten-thread-pool-0/INFO]: [WCore] [STDOUT] removing
[05:57:12] [wcore-redislisten-thread-pool-0/INFO]: [WCore] [STDOUT] removing
[05:59:47] [wcore-redislisten-thread-pool-0/INFO]: [WCore] [STDOUT] removing
[05:59:47] [wcore-redislisten-thread-pool-0/WARN]: Nag author(s): '[nootnoot]' of 'WCore v1.0.0' about their usage of System.out/err.print. Please use your plugin's logger instead (JavaPlugin#getLogger).
[06:02:54] [wcore-redislisten-thread-pool-0/INFO]: [WCore] [STDOUT] removing
[06:02:55] [wcore-redislisten-thread-pool-0/INFO]: [WCore] [STDOUT] removing
[06:03:53] [wcore-redislisten-thread-pool-0/INFO]: [WCore] [STDOUT] removing
[06:05:48] [wcore-redislisten-thread-pool-0/INFO]: [WCore] [STDOUT] removing
[06:05:48] [wcore-redislisten-thread-pool-0/WARN]: Nag author(s): '[nootnoot]' of 'WCore v1.0.0' about their usage of System.out/err.print. Please use your plugin's logger instead (JavaPlugin#getLogger).
[06:06:19] [wcore-redislisten-thread-pool-0/INFO]: [WCore] [STDOUT] removing
[06:07:01] [wcore-redislisten-thread-pool-0/INFO]: [WCore] [STDOUT] removing
[06:07:27] [wcore-redislisten-thread-pool-0/INFO]: [WCore] [STDOUT] removing
[06:11:15] [wcore-redislisten-thread-pool-0/INFO]: [WCore] [STDOUT] removing
[06:11:15] [wcore-redislisten-thread-pool-0/WARN]: Nag author(s): '[nootnoot]' of 'WCore v1.0.0' about their usage of System.out/err.print. Please use your plugin's logger instead (JavaPlugin#getLogger).
[06:11:33] [wcore-redislisten-thread-pool-0/INFO]: [WCore] [STDOUT] removing
[06:11:40] [wcore-redislisten-thread-pool-0/INFO]: [WCore] [STDOUT] removing
[06:13:04] [wcore-redislisten-thread-pool-0/INFO]: [WCore] [STDOUT] removing
[06:13:37] [wcore-redislisten-thread-pool-0/INFO]: [WCore] [STDOUT] removing
[06:15:29] [wcore-redislisten-thread-pool-0/INFO]: [WCore] [STDOUT] removing
[06:15:40] [wcore-redislisten-thread-pool-0/INFO]: [WCore] [STDOUT] removing
[06:15:46] [wcore-redislisten-thread-pool-0/INFO]: [WCore] [STDOUT] removing
[06:16:06] [wcore-redislisten-thread-pool-0/INFO]: [WCore] [STDOUT] removing
[06:16:25] [wcore-redislisten-thread-pool-0/INFO]: [WCore] [STDOUT] removing
[06:16:25] [wcore-redislisten-thread-pool-0/WARN]: Nag author(s): '[nootnoot]' of 'WCore v1.0.0' about their usage of System.out/err.print. Please use your plugin's logger instead (JavaPlugin#getLogger).
[06:16:48] [wcore-redislisten-thread-pool-0/INFO]: [WCore] [STDOUT] removing
[06:17:46] [wcore-redislisten-thread-pool-0/INFO]: [WCore] [STDOUT] removing
[06:18:36] [wcore-redislisten-thread-pool-0/INFO]: [WCore] [STDOUT] removing
[06:21:35] [wcore-redislisten-thread-pool-0/INFO]: [WCore] [STDOUT] removing
[06:21:35] [wcore-redislisten-thread-pool-0/WARN]: Nag author(s): '[nootnoot]' of 'WCore v1.0.0' about their usage of System.out/err.print. Please use your plugin's logger instead (JavaPlugin#getLogger).
[06:21:56] [wcore-redislisten-thread-pool-0/INFO]: [WCore] [STDOUT] removing
[06:21:59] [Server thread/WARN]: [WCore] Task #7453 for WCore v1.0.0 generated an exception
java.lang.NullPointerException: Cannot invoke "org.bukkit.entity.Player.getName()" because "this.val$p" is null
	at me.nootnoot.wstore.pubsub.handlers.StoreApiResponseHandler$2.run(StoreApiResponseHandler.java:43) ~[downloaded-jar10930451-3507-4f1a-a7e0-299263f11ecb6761555647206713160.jar:?]
	at org.bukkit.craftbukkit.v1_20_R3.scheduler.CraftTask.run(CraftTask.java:100) ~[?:git-UniverseSpigot-"bd13ee2"]
	at org.bukkit.craftbukkit.v1_20_R3.scheduler.CraftScheduler.mainThreadHeartbeat(CraftScheduler.java:482) ~[?:git-UniverseSpigot-"bd13ee2"]
	at net.minecraft.server.MinecraftServer.tickChildren(MinecraftServer.java:1668) ~[?:git-UniverseSpigot-"bd13ee2"]
	at net.minecraft.server.dedicated.DedicatedServer.tickChildren(DedicatedServer.java:463) ~[?:git-UniverseSpigot-"bd13ee2"]
	at net.minecraft.server.MinecraftServer.tickServer(MinecraftServer.java:1549) ~[?:git-UniverseSpigot-"bd13ee2"]
	at net.minecraft.server.MinecraftServer.runServer(MinecraftServer.java:1238) ~[?:git-UniverseSpigot-"bd13ee2"]
	at net.minecraft.server.MinecraftServer.lambda$spin$0(MinecraftServer.java:315) ~[?:git-UniverseSpigot-"bd13ee2"]
	at java.lang.Thread.run(Thread.java:1583) ~[?:?]
[06:23:50] [wcore-redislisten-thread-pool-0/INFO]: [WCore] [STDOUT] removing
[06:25:21] [wcore-redislisten-thread-pool-0/INFO]: [WCore] [STDOUT] removing
[06:26:31] [Server thread/INFO]: No player was found
[06:29:52] [wcore-redislisten-thread-pool-0/INFO]: [WCore] [STDOUT] removing
[06:29:52] [wcore-redislisten-thread-pool-0/WARN]: Nag author(s): '[nootnoot]' of 'WCore v1.0.0' about their usage of System.out/err.print. Please use your plugin's logger instead (JavaPlugin#getLogger).
[06:30:12] [wcore-redislisten-thread-pool-0/INFO]: [WCore] [STDOUT] removing
[06:30:18] [wcore-redislisten-thread-pool-0/INFO]: [WCore] [STDOUT] removing
[06:30:57] [wcore-redislisten-thread-pool-0/INFO]: [WCore] [STDOUT] removing
[06:31:45] [wcore-redislisten-thread-pool-0/INFO]: [WCore] [STDOUT] removing
[06:32:57] [wcore-redislisten-thread-pool-0/INFO]: [WCore] [STDOUT] removing
[06:34:51] [wcore-redislisten-thread-pool-0/INFO]: [WCore] [STDOUT] removing
[06:42:40] [wcore-redislisten-thread-pool-0/INFO]: [WCore] [STDOUT] removing
[06:42:40] [wcore-redislisten-thread-pool-0/WARN]: Nag author(s): '[nootnoot]' of 'WCore v1.0.0' about their usage of System.out/err.print. Please use your plugin's logger instead (JavaPlugin#getLogger).
[06:43:53] [wcore-redislisten-thread-pool-0/INFO]: [WCore] [STDOUT] removing
[06:44:19] [wcore-redislisten-thread-pool-0/INFO]: [WCore] [STDOUT] removing
[06:44:22] [wcore-redislisten-thread-pool-0/INFO]: [WCore] [STDOUT] removing
[06:44:31] [wcore-redislisten-thread-pool-0/INFO]: [WCore] [STDOUT] removing
[06:44:48] [wcore-redislisten-thread-pool-0/INFO]: [WCore] [STDOUT] removing
[06:45:17] [wcore-redislisten-thread-pool-0/INFO]: [WCore] [STDOUT] removing
[06:59:17] [wcore-redislisten-thread-pool-0/INFO]: [WCore] [STDOUT] removing
[06:59:17] [wcore-redislisten-thread-pool-0/WARN]: Nag author(s): '[nootnoot]' of 'WCore v1.0.0' about their usage of System.out/err.print. Please use your plugin's logger instead (JavaPlugin#getLogger).
[06:59:40] [wcore-redislisten-thread-pool-0/INFO]: [WCore] [STDOUT] removing
[07:06:46] [wcore-redislisten-thread-pool-0/INFO]: [WCore] [STDOUT] removing
[07:06:46] [wcore-redislisten-thread-pool-0/WARN]: Nag author(s): '[nootnoot]' of 'WCore v1.0.0' about their usage of System.out/err.print. Please use your plugin's logger instead (JavaPlugin#getLogger).
[07:06:54] [wcore-redislisten-thread-pool-0/INFO]: [WCore] [STDOUT] removing
[07:07:07] [wcore-redislisten-thread-pool-0/INFO]: [WCore] [STDOUT] removing
[07:10:38] [wcore-redislisten-thread-pool-0/INFO]: [WCore] [STDOUT] removing
[07:10:43] [wcore-redislisten-thread-pool-0/INFO]: [WCore] [STDOUT] removing
[07:15:48] [wcore-redislisten-thread-pool-0/INFO]: [WCore] [STDOUT] removing
[07:15:48] [wcore-redislisten-thread-pool-0/WARN]: Nag author(s): '[nootnoot]' of 'WCore v1.0.0' about their usage of System.out/err.print. Please use your plugin's logger instead (JavaPlugin#getLogger).
[07:19:57] [wcore-redislisten-thread-pool-0/INFO]: [WCore] [STDOUT] removing
[07:23:08] [wcore-redislisten-thread-pool-0/INFO]: [WCore] [STDOUT] removing
[07:23:08] [wcore-redislisten-thread-pool-0/WARN]: Nag author(s): '[nootnoot]' of 'WCore v1.0.0' about their usage of System.out/err.print. Please use your plugin's logger instead (JavaPlugin#getLogger).
[07:25:11] [wcore-redislisten-thread-pool-0/INFO]: [WCore] [STDOUT] removing
[07:26:15] [wcore-redislisten-thread-pool-0/INFO]: [WCore] [STDOUT] removing
[07:26:38] [wcore-redislisten-thread-pool-0/INFO]: [WCore] [STDOUT] removing
[07:27:42] [wcore-redislisten-thread-pool-0/INFO]: [WCore] [STDOUT] removing
[07:28:45] [wcore-redislisten-thread-pool-0/INFO]: [WCore] [STDOUT] removing
[07:28:45] [wcore-redislisten-thread-pool-0/WARN]: Nag author(s): '[nootnoot]' of 'WCore v1.0.0' about their usage of System.out/err.print. Please use your plugin's logger instead (JavaPlugin#getLogger).
[07:29:52] [Server thread/INFO]: No player was found
[07:30:02] [wcore-redislisten-thread-pool-0/INFO]: [WCore] [STDOUT] removing
[07:30:42] [wcore-redislisten-thread-pool-0/INFO]: [WCore] [STDOUT] removing
[07:33:25] [wcore-redislisten-thread-pool-0/INFO]: [WCore] [STDOUT] removing
[07:36:56] [wcore-redislisten-thread-pool-0/INFO]: [WCore] [STDOUT] removing
[07:36:56] [wcore-redislisten-thread-pool-0/WARN]: Nag author(s): '[nootnoot]' of 'WCore v1.0.0' about their usage of System.out/err.print. Please use your plugin's logger instead (JavaPlugin#getLogger).
[07:41:59] [Server thread/INFO]: No player was found
[07:42:58] [Craft Scheduler Thread - 1 - Vault/INFO]: [Vault] Checking for Updates ... 
[07:42:58] [Craft Scheduler Thread - 1 - Vault/INFO]: [Vault] No new version available
[07:43:37] [wcore-redislisten-thread-pool-0/INFO]: [WCore] [STDOUT] removing
[07:43:37] [wcore-redislisten-thread-pool-0/WARN]: Nag author(s): '[nootnoot]' of 'WCore v1.0.0' about their usage of System.out/err.print. Please use your plugin's logger instead (JavaPlugin#getLogger).
[07:44:08] [wcore-redislisten-thread-pool-0/INFO]: [WCore] [STDOUT] removing
[07:45:11] [Server thread/INFO]: No player was found
[07:47:05] [wcore-redislisten-thread-pool-0/INFO]: [WCore] [STDOUT] removing
[07:50:35] [wcore-redislisten-thread-pool-0/INFO]: [WCore] [STDOUT] removing
[07:50:35] [wcore-redislisten-thread-pool-0/WARN]: Nag author(s): '[nootnoot]' of 'WCore v1.0.0' about their usage of System.out/err.print. Please use your plugin's logger instead (JavaPlugin#getLogger).
[07:50:52] [wcore-redislisten-thread-pool-0/INFO]: [WCore] [STDOUT] removing
[07:52:05] [wcore-redislisten-thread-pool-0/INFO]: [WCore] [STDOUT] removing
[07:53:07] [wcore-redislisten-thread-pool-0/INFO]: [WCore] [STDOUT] removing
[07:53:32] [wcore-redislisten-thread-pool-0/INFO]: [WCore] [STDOUT] removing
[07:53:51] [wcore-redislisten-thread-pool-0/INFO]: [WCore] [STDOUT] removing
[07:53:57] [wcore-redislisten-thread-pool-0/INFO]: [WCore] [STDOUT] removing
[07:54:06] [wcore-redislisten-thread-pool-0/INFO]: [WCore] [STDOUT] removing
[07:54:06] [wcore-redislisten-thread-pool-0/INFO]: [WCore] [STDOUT] removing
[07:54:09] [wcore-redislisten-thread-pool-0/INFO]: [WCore] [STDOUT] removing
[07:55:14] [wcore-redislisten-thread-pool-0/INFO]: [WCore] [STDOUT] removing
[07:57:33] [wcore-redislisten-thread-pool-0/INFO]: [WCore] [STDOUT] removing
[07:57:33] [wcore-redislisten-thread-pool-0/WARN]: Nag author(s): '[nootnoot]' of 'WCore v1.0.0' about their usage of System.out/err.print. Please use your plugin's logger instead (JavaPlugin#getLogger).
[07:59:26] [wcore-redislisten-thread-pool-0/INFO]: [WCore] [STDOUT] removing
[07:59:39] [wcore-redislisten-thread-pool-0/INFO]: [WCore] [STDOUT] removing
[07:59:50] [wcore-redislisten-thread-pool-0/INFO]: [WCore] [STDOUT] removing
[08:02:30] [wcore-redislisten-thread-pool-0/INFO]: [WCore] [STDOUT] removing
[08:02:54] [wcore-redislisten-thread-pool-0/INFO]: [WCore] [STDOUT] removing
[08:02:54] [wcore-redislisten-thread-pool-0/WARN]: Nag author(s): '[nootnoot]' of 'WCore v1.0.0' about their usage of System.out/err.print. Please use your plugin's logger instead (JavaPlugin#getLogger).
[08:02:56] [wcore-redislisten-thread-pool-0/INFO]: [WCore] [STDOUT] removing
[08:03:12] [wcore-redislisten-thread-pool-0/INFO]: [WCore] [STDOUT] removing
[08:04:36] [wcore-redislisten-thread-pool-0/INFO]: [WCore] [STDOUT] removing
[08:05:12] [wcore-redislisten-thread-pool-0/INFO]: [WCore] [STDOUT] removing
[08:05:37] [wcore-redislisten-thread-pool-0/INFO]: [WCore] [STDOUT] removing
[08:05:56] [wcore-redislisten-thread-pool-0/INFO]: [WCore] [STDOUT] removing
[08:06:56] [wcore-redislisten-thread-pool-0/INFO]: [WCore] [STDOUT] removing
[08:08:41] [wcore-redislisten-thread-pool-0/INFO]: [WCore] [STDOUT] removing
[08:08:41] [wcore-redislisten-thread-pool-0/WARN]: Nag author(s): '[nootnoot]' of 'WCore v1.0.0' about their usage of System.out/err.print. Please use your plugin's logger instead (JavaPlugin#getLogger).
[08:09:25] [wcore-redislisten-thread-pool-0/INFO]: [WCore] [STDOUT] removing
[08:11:00] [wcore-redislisten-thread-pool-0/INFO]: [WCore] [STDOUT] removing
[08:11:57] [wcore-redislisten-thread-pool-0/INFO]: [WCore] [STDOUT] removing
[08:12:58] [wcore-redislisten-thread-pool-0/INFO]: [WCore] [STDOUT] removing
[08:15:15] [wcore-redislisten-thread-pool-0/INFO]: [WCore] [STDOUT] removing
[08:15:15] [wcore-redislisten-thread-pool-0/WARN]: Nag author(s): '[nootnoot]' of 'WCore v1.0.0' about their usage of System.out/err.print. Please use your plugin's logger instead (JavaPlugin#getLogger).
[08:15:29] [wcore-redislisten-thread-pool-0/INFO]: [WCore] [STDOUT] removing
[08:17:42] [wcore-redislisten-thread-pool-0/INFO]: [WCore] [STDOUT] removing
[08:18:22] [wcore-redislisten-thread-pool-0/INFO]: [WCore] [STDOUT] removing
[08:22:27] [wcore-redislisten-thread-pool-0/INFO]: [WCore] [STDOUT] removing
[08:22:27] [wcore-redislisten-thread-pool-0/WARN]: Nag author(s): '[nootnoot]' of 'WCore v1.0.0' about their usage of System.out/err.print. Please use your plugin's logger instead (JavaPlugin#getLogger).
[08:23:16] [wcore-redislisten-thread-pool-0/INFO]: [WCore] [STDOUT] removing
[08:23:24] [wcore-redislisten-thread-pool-0/INFO]: [WCore] [STDOUT] removing
[08:25:28] [wcore-redislisten-thread-pool-0/INFO]: [WCore] [STDOUT] removing
[08:25:55] [wcore-redislisten-thread-pool-0/INFO]: [WCore] [STDOUT] removing
[08:30:19] [wcore-redislisten-thread-pool-0/INFO]: [WCore] [STDOUT] removing
[08:30:19] [wcore-redislisten-thread-pool-0/WARN]: Nag author(s): '[nootnoot]' of 'WCore v1.0.0' about their usage of System.out/err.print. Please use your plugin's logger instead (JavaPlugin#getLogger).
[08:32:03] [wcore-redislisten-thread-pool-0/INFO]: [WCore] [STDOUT] removing
[08:40:05] [Server thread/INFO]: No player was found
[08:43:15] [wcore-redislisten-thread-pool-0/INFO]: [WCore] [STDOUT] removing
[08:43:15] [wcore-redislisten-thread-pool-0/WARN]: Nag author(s): '[nootnoot]' of 'WCore v1.0.0' about their usage of System.out/err.print. Please use your plugin's logger instead (JavaPlugin#getLogger).
[08:52:41] [wcore-redislisten-thread-pool-0/INFO]: [WCore] [STDOUT] removing
[08:52:41] [wcore-redislisten-thread-pool-0/WARN]: Nag author(s): '[nootnoot]' of 'WCore v1.0.0' about their usage of System.out/err.print. Please use your plugin's logger instead (JavaPlugin#getLogger).
[08:53:08] [wcore-redislisten-thread-pool-0/INFO]: [WCore] [STDOUT] removing
[08:53:30] [wcore-redislisten-thread-pool-0/INFO]: [WCore] [STDOUT] removing
[08:54:51] [wcore-redislisten-thread-pool-0/INFO]: [WCore] [STDOUT] removing
[09:07:48] [wcore-redislisten-thread-pool-0/INFO]: [WCore] [STDOUT] removing
[09:07:48] [wcore-redislisten-thread-pool-0/WARN]: Nag author(s): '[nootnoot]' of 'WCore v1.0.0' about their usage of System.out/err.print. Please use your plugin's logger instead (JavaPlugin#getLogger).
[09:09:49] [wcore-redislisten-thread-pool-0/INFO]: [WCore] [STDOUT] removing
[09:09:56] [wcore-redislisten-thread-pool-0/INFO]: [WCore] [STDOUT] removing
[09:13:28] [wcore-redislisten-thread-pool-0/INFO]: [WCore] [STDOUT] removing
[09:13:28] [wcore-redislisten-thread-pool-0/WARN]: Nag author(s): '[nootnoot]' of 'WCore v1.0.0' about their usage of System.out/err.print. Please use your plugin's logger instead (JavaPlugin#getLogger).
[09:15:41] [wcore-redislisten-thread-pool-0/INFO]: [WCore] [STDOUT] removing
[09:16:20] [wcore-redislisten-thread-pool-0/INFO]: [WCore] [STDOUT] removing
[09:16:21] [wcore-redislisten-thread-pool-0/INFO]: [WCore] [STDOUT] removing
[09:17:15] [wcore-redislisten-thread-pool-0/INFO]: [WCore] [STDOUT] removing
[09:19:19] [wcore-redislisten-thread-pool-0/INFO]: [WCore] [STDOUT] removing
[09:19:19] [wcore-redislisten-thread-pool-0/WARN]: Nag author(s): '[nootnoot]' of 'WCore v1.0.0' about their usage of System.out/err.print. Please use your plugin's logger instead (JavaPlugin#getLogger).
[09:21:52] [wcore-redislisten-thread-pool-0/INFO]: [WCore] [STDOUT] removing
[09:30:52] [wcore-redislisten-thread-pool-0/INFO]: [WCore] [STDOUT] removing
[09:30:52] [wcore-redislisten-thread-pool-0/WARN]: Nag author(s): '[nootnoot]' of 'WCore v1.0.0' about their usage of System.out/err.print. Please use your plugin's logger instead (JavaPlugin#getLogger).
[09:35:34] [wcore-redislisten-thread-pool-0/INFO]: [WCore] [STDOUT] removing
[09:36:16] [wcore-redislisten-thread-pool-0/INFO]: [WCore] [STDOUT] removing
[09:36:16] [wcore-redislisten-thread-pool-0/WARN]: Nag author(s): '[nootnoot]' of 'WCore v1.0.0' about their usage of System.out/err.print. Please use your plugin's logger instead (JavaPlugin#getLogger).
[09:38:28] [wcore-redislisten-thread-pool-0/INFO]: [WCore] [STDOUT] removing
[09:38:49] [wcore-redislisten-thread-pool-0/INFO]: [WCore] [STDOUT] removing
[09:39:36] [wcore-redislisten-thread-pool-0/INFO]: [WCore] [STDOUT] removing
[09:42:05] [wcore-redislisten-thread-pool-0/INFO]: [WCore] [STDOUT] removing
[09:42:05] [wcore-redislisten-thread-pool-0/WARN]: Nag author(s): '[nootnoot]' of 'WCore v1.0.0' about their usage of System.out/err.print. Please use your plugin's logger instead (JavaPlugin#getLogger).
[09:42:24] [wcore-redislisten-thread-pool-0/INFO]: [WCore] [STDOUT] removing
[09:45:11] [wcore-redislisten-thread-pool-0/INFO]: [WCore] [STDOUT] removing
[09:47:54] [wcore-redislisten-thread-pool-0/INFO]: [WCore] [STDOUT] removing
[09:47:54] [wcore-redislisten-thread-pool-0/WARN]: Nag author(s): '[nootnoot]' of 'WCore v1.0.0' about their usage of System.out/err.print. Please use your plugin's logger instead (JavaPlugin#getLogger).
[09:49:18] [wcore-redislisten-thread-pool-0/INFO]: [WCore] [STDOUT] removing
[09:51:09] [wcore-redislisten-thread-pool-0/INFO]: [WCore] [STDOUT] removing
[09:53:58] [wcore-redislisten-thread-pool-0/INFO]: [WCore] [STDOUT] removing
[09:53:58] [wcore-redislisten-thread-pool-0/WARN]: Nag author(s): '[nootnoot]' of 'WCore v1.0.0' about their usage of System.out/err.print. Please use your plugin's logger instead (JavaPlugin#getLogger).
[09:54:01] [wcore-redislisten-thread-pool-0/INFO]: [WCore] [STDOUT] removing
[09:56:25] [wcore-redislisten-thread-pool-0/INFO]: [WCore] [STDOUT] removing
[10:00:00] [wcore-redislisten-thread-pool-0/INFO]: A boss has spawned! /WARP BOSS
[10:00:00] [wcore-redislisten-thread-pool-0/INFO]: A boss has spawned! /WARP BOSS
[10:00:00] [wcore-redislisten-thread-pool-0/INFO]: A boss has spawned! /WARP BOSS
[10:00:00] [wcore-redislisten-thread-pool-0/INFO]: A boss has spawned! /WARP BOSS
[10:00:16] [wcore-redislisten-thread-pool-0/INFO]: [WCore] [STDOUT] removing
[10:00:16] [wcore-redislisten-thread-pool-0/WARN]: Nag author(s): '[nootnoot]' of 'WCore v1.0.0' about their usage of System.out/err.print. Please use your plugin's logger instead (JavaPlugin#getLogger).
[10:00:18] [wcore-redislisten-thread-pool-0/INFO]: [WCore] [STDOUT] removing
[10:00:25] [wcore-redislisten-thread-pool-0/INFO]: [WCore] [STDOUT] removing
[10:01:05] [wcore-redislisten-thread-pool-0/INFO]: [WCore] [STDOUT] removing
[10:02:28] [wcore-redislisten-thread-pool-0/INFO]: [WCore] [STDOUT] removing
[10:03:41] [wcore-redislisten-thread-pool-0/INFO]: [WCore] [STDOUT] removing
[10:03:44] [wcore-redislisten-thread-pool-0/INFO]: [WCore] [STDOUT] removing
[10:03:46] [wcore-redislisten-thread-pool-0/INFO]: [WCore] [STDOUT] removing
[10:04:14] [wcore-redislisten-thread-pool-0/INFO]: [WCore] [STDOUT] removing
[10:05:46] [wcore-redislisten-thread-pool-0/INFO]: [WCore] [STDOUT] removing
[10:05:46] [wcore-redislisten-thread-pool-0/WARN]: Nag author(s): '[nootnoot]' of 'WCore v1.0.0' about their usage of System.out/err.print. Please use your plugin's logger instead (JavaPlugin#getLogger).
[10:06:18] [wcore-redislisten-thread-pool-0/INFO]: [WCore] [STDOUT] removing
[10:06:27] [wcore-redislisten-thread-pool-0/INFO]: [WCore] [STDOUT] removing
[10:07:02] [wcore-redislisten-thread-pool-0/INFO]: [WCore] [STDOUT] removing
[10:09:22] [wcore-redislisten-thread-pool-0/INFO]: [WCore] [STDOUT] removing
[10:10:53] [wcore-redislisten-thread-pool-0/INFO]: [WCore] [STDOUT] removing
[10:10:53] [wcore-redislisten-thread-pool-0/WARN]: Nag author(s): '[nootnoot]' of 'WCore v1.0.0' about their usage of System.out/err.print. Please use your plugin's logger instead (JavaPlugin#getLogger).
[10:12:13] [Server thread/INFO]: No player was found
[10:14:29] [wcore-redislisten-thread-pool-0/INFO]: [WCore] [STDOUT] removing
[10:15:59] [wcore-redislisten-thread-pool-0/INFO]: [WCore] [STDOUT] removing
[10:15:59] [wcore-redislisten-thread-pool-0/WARN]: Nag author(s): '[nootnoot]' of 'WCore v1.0.0' about their usage of System.out/err.print. Please use your plugin's logger instead (JavaPlugin#getLogger).
[10:16:21] [wcore-redislisten-thread-pool-0/INFO]: [WCore] [STDOUT] removing
[10:16:44] [wcore-redislisten-thread-pool-0/INFO]: [WCore] [STDOUT] removing
[10:16:51] [wcore-redislisten-thread-pool-0/INFO]: [WCore] [STDOUT] removing
[10:16:54] [wcore-redislisten-thread-pool-0/INFO]: [WCore] [STDOUT] removing
[10:21:24] [wcore-redislisten-thread-pool-0/INFO]: [WCore] [STDOUT] removing
[10:21:24] [wcore-redislisten-thread-pool-0/WARN]: Nag author(s): '[nootnoot]' of 'WCore v1.0.0' about their usage of System.out/err.print. Please use your plugin's logger instead (JavaPlugin#getLogger).
[10:27:59] [Server thread/INFO]: No player was found
[10:28:49] [wcore-redislisten-thread-pool-0/INFO]: [WCore] [STDOUT] removing
[10:28:49] [wcore-redislisten-thread-pool-0/WARN]: Nag author(s): '[nootnoot]' of 'WCore v1.0.0' about their usage of System.out/err.print. Please use your plugin's logger instead (JavaPlugin#getLogger).
[10:29:31] [wcore-redislisten-thread-pool-0/INFO]: [WCore] [STDOUT] removing
[10:29:38] [wcore-redislisten-thread-pool-0/INFO]: [WCore] [STDOUT] removing
[10:42:49] [wcore-redislisten-thread-pool-0/INFO]: [WCore] [STDOUT] removing
[10:42:49] [wcore-redislisten-thread-pool-0/WARN]: Nag author(s): '[nootnoot]' of 'WCore v1.0.0' about their usage of System.out/err.print. Please use your plugin's logger instead (JavaPlugin#getLogger).
[10:47:40] [wcore-redislisten-thread-pool-0/INFO]: [WCore] [STDOUT] removing
[10:50:37] [wcore-redislisten-thread-pool-0/INFO]: [WCore] [STDOUT] removing
[10:50:37] [wcore-redislisten-thread-pool-0/WARN]: Nag author(s): '[nootnoot]' of 'WCore v1.0.0' about their usage of System.out/err.print. Please use your plugin's logger instead (JavaPlugin#getLogger).
[10:54:24] [wcore-redislisten-thread-pool-0/INFO]: [WCore] [STDOUT] removing
[10:56:06] [wcore-redislisten-thread-pool-0/INFO]: [WCore] [STDOUT] removing
[10:56:06] [wcore-redislisten-thread-pool-0/WARN]: Nag author(s): '[nootnoot]' of 'WCore v1.0.0' about their usage of System.out/err.print. Please use your plugin's logger instead (JavaPlugin#getLogger).
[10:56:10] [Server thread/INFO]: No player was found
[10:57:57] [wcore-redislisten-thread-pool-0/INFO]: [WCore] [STDOUT] removing
[10:58:05] [wcore-redislisten-thread-pool-0/INFO]: [WCore] [STDOUT] removing
[11:01:05] [wcore-redislisten-thread-pool-0/INFO]: [WCore] [STDOUT] removing
[11:04:45] [wcore-redislisten-thread-pool-0/INFO]: [WCore] [STDOUT] removing
[11:04:45] [wcore-redislisten-thread-pool-0/WARN]: Nag author(s): '[nootnoot]' of 'WCore v1.0.0' about their usage of System.out/err.print. Please use your plugin's logger instead (JavaPlugin#getLogger).
[11:05:23] [wcore-redislisten-thread-pool-0/INFO]: [WCore] [STDOUT] removing
[11:20:39] [wcore-redislisten-thread-pool-0/INFO]: [WCore] [STDOUT] removing
[11:20:39] [wcore-redislisten-thread-pool-0/WARN]: Nag author(s): '[nootnoot]' of 'WCore v1.0.0' about their usage of System.out/err.print. Please use your plugin's logger instead (JavaPlugin#getLogger).
[11:21:05] [wcore-redislisten-thread-pool-0/INFO]: [WCore] [STDOUT] removing
[11:21:54] [wcore-redislisten-thread-pool-0/INFO]: [WCore] [STDOUT] removing
[11:21:54] [wcore-redislisten-thread-pool-0/INFO]: [WCore] [STDOUT] removing
[11:22:51] [wcore-redislisten-thread-pool-0/INFO]: [WCore] [STDOUT] removing
[11:23:15] [wcore-redislisten-thread-pool-0/INFO]: [WCore] [STDOUT] removing
[11:23:47] [Server thread/INFO]: No player was found
[11:24:24] [wcore-redislisten-thread-pool-0/INFO]: [WCore] [STDOUT] removing
[11:25:52] [wcore-redislisten-thread-pool-0/INFO]: [WCore] [STDOUT] removing
[11:25:52] [wcore-redislisten-thread-pool-0/WARN]: Nag author(s): '[nootnoot]' of 'WCore v1.0.0' about their usage of System.out/err.print. Please use your plugin's logger instead (JavaPlugin#getLogger).
[11:27:47] [wcore-redislisten-thread-pool-0/INFO]: [WCore] [STDOUT] removing
[11:35:59] [wcore-redislisten-thread-pool-0/INFO]: [WCore] [STDOUT] removing
[11:35:59] [wcore-redislisten-thread-pool-0/WARN]: Nag author(s): '[nootnoot]' of 'WCore v1.0.0' about their usage of System.out/err.print. Please use your plugin's logger instead (JavaPlugin#getLogger).
[11:38:12] [wcore-redislisten-thread-pool-0/INFO]: [WCore] [STDOUT] removing
[11:39:22] [wcore-redislisten-thread-pool-0/INFO]: [WCore] [STDOUT] removing
[11:41:28] [wcore-redislisten-thread-pool-0/INFO]: [WCore] [STDOUT] removing
[11:41:28] [wcore-redislisten-thread-pool-0/WARN]: Nag author(s): '[nootnoot]' of 'WCore v1.0.0' about their usage of System.out/err.print. Please use your plugin's logger instead (JavaPlugin#getLogger).
[11:44:39] [wcore-redislisten-thread-pool-0/INFO]: [WCore] [STDOUT] removing
[11:44:56] [wcore-redislisten-thread-pool-0/INFO]: [WCore] [STDOUT] removing
[11:45:14] [wcore-redislisten-thread-pool-0/INFO]: [WCore] [STDOUT] removing
[11:45:28] [wcore-redislisten-thread-pool-0/INFO]: [WCore] [STDOUT] removing
[11:45:34] [wcore-redislisten-thread-pool-0/INFO]: [WCore] [STDOUT] removing
[11:49:23] [wcore-redislisten-thread-pool-0/INFO]: [WCore] [STDOUT] removing
[11:49:23] [wcore-redislisten-thread-pool-0/WARN]: Nag author(s): '[nootnoot]' of 'WCore v1.0.0' about their usage of System.out/err.print. Please use your plugin's logger instead (JavaPlugin#getLogger).
[11:50:40] [wcore-redislisten-thread-pool-0/INFO]: [WCore] [STDOUT] removing
[11:51:47] [wcore-redislisten-thread-pool-0/INFO]: [WCore] [STDOUT] removing
[11:51:58] [Server thread/INFO]: No player was found
[11:54:13] [wcore-redislisten-thread-pool-0/INFO]: [WCore] [STDOUT] removing
[11:55:22] [wcore-redislisten-thread-pool-0/INFO]: [WCore] [STDOUT] removing
[11:55:22] [wcore-redislisten-thread-pool-0/WARN]: Nag author(s): '[nootnoot]' of 'WCore v1.0.0' about their usage of System.out/err.print. Please use your plugin's logger instead (JavaPlugin#getLogger).
[11:55:47] [wcore-redislisten-thread-pool-0/INFO]: [WCore] [STDOUT] removing
[11:56:27] [Server thread/INFO]: No player was found
[11:56:51] [wcore-redislisten-thread-pool-0/INFO]: [WCore] [STDOUT] removing
[11:57:11] [wcore-redislisten-thread-pool-0/INFO]: [WCore] [STDOUT] removing
[11:57:21] [wcore-redislisten-thread-pool-0/INFO]: [WCore] [STDOUT] removing
[11:58:15] [wcore-redislisten-thread-pool-0/INFO]: [WCore] [STDOUT] removing
[12:01:11] [wcore-redislisten-thread-pool-0/INFO]: [WCore] [STDOUT] removing
[12:01:11] [wcore-redislisten-thread-pool-0/WARN]: Nag author(s): '[nootnoot]' of 'WCore v1.0.0' about their usage of System.out/err.print. Please use your plugin's logger instead (JavaPlugin#getLogger).
[12:01:37] [wcore-redislisten-thread-pool-0/INFO]: [WCore] [STDOUT] removing
[12:02:16] [wcore-redislisten-thread-pool-0/INFO]: [WCore] [STDOUT] removing
[12:04:33] [wcore-redislisten-thread-pool-0/INFO]: [WCore] [STDOUT] removing
[12:06:31] [wcore-redislisten-thread-pool-0/INFO]: [WCore] [STDOUT] removing
[12:06:31] [wcore-redislisten-thread-pool-0/WARN]: Nag author(s): '[nootnoot]' of 'WCore v1.0.0' about their usage of System.out/err.print. Please use your plugin's logger instead (JavaPlugin#getLogger).
[12:07:46] [wcore-redislisten-thread-pool-0/INFO]: [WCore] [STDOUT] removing
[12:08:20] [wcore-redislisten-thread-pool-0/INFO]: [WCore] [STDOUT] removing
[12:08:41] [wcore-redislisten-thread-pool-0/INFO]: [WCore] [STDOUT] removing
[12:09:46] [wcore-redislisten-thread-pool-0/INFO]: [WCore] [STDOUT] removing
[12:09:52] [wcore-redislisten-thread-pool-0/INFO]: [WCore] [STDOUT] removing
[12:12:04] [wcore-redislisten-thread-pool-0/INFO]: [WCore] [STDOUT] removing
[12:12:04] [wcore-redislisten-thread-pool-0/WARN]: Nag author(s): '[nootnoot]' of 'WCore v1.0.0' about their usage of System.out/err.print. Please use your plugin's logger instead (JavaPlugin#getLogger).
[12:13:33] [wcore-redislisten-thread-pool-0/INFO]: [WCore] [STDOUT] removing
[12:15:10] [wcore-redislisten-thread-pool-0/INFO]: [WCore] [STDOUT] removing
[12:18:02] [wcore-redislisten-thread-pool-0/INFO]: [WCore] [STDOUT] removing
[12:18:02] [wcore-redislisten-thread-pool-0/WARN]: Nag author(s): '[nootnoot]' of 'WCore v1.0.0' about their usage of System.out/err.print. Please use your plugin's logger instead (JavaPlugin#getLogger).
[12:28:10] [wcore-redislisten-thread-pool-0/INFO]: [WCore] [STDOUT] removing
[12:28:10] [wcore-redislisten-thread-pool-0/WARN]: Nag author(s): '[nootnoot]' of 'WCore v1.0.0' about their usage of System.out/err.print. Please use your plugin's logger instead (JavaPlugin#getLogger).
[12:31:13] [wcore-redislisten-thread-pool-0/INFO]: [WCore] [STDOUT] removing
[12:33:11] [wcore-redislisten-thread-pool-0/INFO]: [WCore] [STDOUT] removing
[12:33:11] [wcore-redislisten-thread-pool-0/WARN]: Nag author(s): '[nootnoot]' of 'WCore v1.0.0' about their usage of System.out/err.print. Please use your plugin's logger instead (JavaPlugin#getLogger).
[12:33:28] [wcore-redislisten-thread-pool-0/INFO]: [WCore] [STDOUT] removing
[12:34:47] [wcore-redislisten-thread-pool-0/INFO]: [WCore] [STDOUT] removing
[12:34:48] [wcore-redislisten-thread-pool-0/INFO]: [WCore] [STDOUT] removing
[12:39:14] [wcore-redislisten-thread-pool-0/INFO]: [WCore] [STDOUT] removing
[12:39:14] [wcore-redislisten-thread-pool-0/WARN]: Nag author(s): '[nootnoot]' of 'WCore v1.0.0' about their usage of System.out/err.print. Please use your plugin's logger instead (JavaPlugin#getLogger).
[12:47:04] [Server thread/INFO]: No player was found
[12:47:26] [Server thread/INFO]: No player was found
[12:51:06] [Server thread/INFO]: No player was found
[12:55:21] [wcore-redislisten-thread-pool-0/INFO]: [WCore] [STDOUT] removing
[12:55:21] [wcore-redislisten-thread-pool-0/WARN]: Nag author(s): '[nootnoot]' of 'WCore v1.0.0' about their usage of System.out/err.print. Please use your plugin's logger instead (JavaPlugin#getLogger).
[12:56:44] [wcore-redislisten-thread-pool-0/INFO]: [WCore] [STDOUT] removing
[13:02:03] [Server thread/INFO]: No player was found
[13:05:52] [wcore-redislisten-thread-pool-0/INFO]: [WCore] [STDOUT] removing
[13:05:52] [wcore-redislisten-thread-pool-0/WARN]: Nag author(s): '[nootnoot]' of 'WCore v1.0.0' about their usage of System.out/err.print. Please use your plugin's logger instead (JavaPlugin#getLogger).
[13:13:03] [wcore-redislisten-thread-pool-0/INFO]: [WCore] [STDOUT] removing
[13:13:03] [wcore-redislisten-thread-pool-0/WARN]: Nag author(s): '[nootnoot]' of 'WCore v1.0.0' about their usage of System.out/err.print. Please use your plugin's logger instead (JavaPlugin#getLogger).
[13:16:03] [wcore-redislisten-thread-pool-0/INFO]: [WCore] [STDOUT] removing
[13:17:36] [wcore-redislisten-thread-pool-0/INFO]: [WCore] [STDOUT] removing
[13:20:24] [wcore-redislisten-thread-pool-0/INFO]: [WCore] [STDOUT] removing
[13:20:24] [wcore-redislisten-thread-pool-0/WARN]: Nag author(s): '[nootnoot]' of 'WCore v1.0.0' about their usage of System.out/err.print. Please use your plugin's logger instead (JavaPlugin#getLogger).
[13:22:14] [wcore-redislisten-thread-pool-0/INFO]: [WCore] [STDOUT] removing
[13:23:11] [wcore-redislisten-thread-pool-0/INFO]: [WCore] [STDOUT] removing
[13:25:40] [wcore-redislisten-thread-pool-0/INFO]: [WCore] [STDOUT] removing
[13:25:40] [wcore-redislisten-thread-pool-0/WARN]: Nag author(s): '[nootnoot]' of 'WCore v1.0.0' about their usage of System.out/err.print. Please use your plugin's logger instead (JavaPlugin#getLogger).
[13:28:09] [wcore-redislisten-thread-pool-0/INFO]: [WCore] [STDOUT] removing
[13:29:11] [wcore-redislisten-thread-pool-0/INFO]: [WCore] [STDOUT] removing
[13:33:16] [wcore-redislisten-thread-pool-0/INFO]: [WCore] [STDOUT] removing
[13:33:16] [wcore-redislisten-thread-pool-0/WARN]: Nag author(s): '[nootnoot]' of 'WCore v1.0.0' about their usage of System.out/err.print. Please use your plugin's logger instead (JavaPlugin#getLogger).
[13:34:00] [wcore-redislisten-thread-pool-0/INFO]: [WCore] [STDOUT] removing
[13:35:03] [wcore-redislisten-thread-pool-0/INFO]: [WCore] [STDOUT] removing
[13:37:42] [wcore-redislisten-thread-pool-0/INFO]: [WCore] [STDOUT] removing
[13:38:35] [wcore-redislisten-thread-pool-0/INFO]: [WCore] [STDOUT] removing
[13:38:35] [wcore-redislisten-thread-pool-0/WARN]: Nag author(s): '[nootnoot]' of 'WCore v1.0.0' about their usage of System.out/err.print. Please use your plugin's logger instead (JavaPlugin#getLogger).
[13:39:11] [wcore-redislisten-thread-pool-0/INFO]: [WCore] [STDOUT] removing
[13:40:19] [wcore-redislisten-thread-pool-0/INFO]: [WCore] [STDOUT] removing
[13:42:58] [Craft Scheduler Thread - 2 - Vault/INFO]: [Vault] Checking for Updates ... 
[13:42:58] [Craft Scheduler Thread - 2 - Vault/INFO]: [Vault] No new version available
[13:45:32] [wcore-redislisten-thread-pool-0/INFO]: [WCore] [STDOUT] removing
[13:45:32] [wcore-redislisten-thread-pool-0/WARN]: Nag author(s): '[nootnoot]' of 'WCore v1.0.0' about their usage of System.out/err.print. Please use your plugin's logger instead (JavaPlugin#getLogger).
[13:46:29] [wcore-redislisten-thread-pool-0/INFO]: [WCore] [STDOUT] removing
[13:57:06] [wcore-redislisten-thread-pool-0/INFO]: [WCore] [STDOUT] removing
[13:57:06] [wcore-redislisten-thread-pool-0/WARN]: Nag author(s): '[nootnoot]' of 'WCore v1.0.0' about their usage of System.out/err.print. Please use your plugin's logger instead (JavaPlugin#getLogger).
[13:57:13] [wcore-redislisten-thread-pool-0/INFO]: [WCore] [STDOUT] removing
[13:58:31] [wcore-redislisten-thread-pool-0/INFO]: [WCore] [STDOUT] removing
[14:00:42] [wcore-redislisten-thread-pool-0/INFO]: [WCore] [STDOUT] removing
[14:04:38] [Server thread/INFO]: No player was found
[14:04:43] [wcore-redislisten-thread-pool-0/INFO]: [WCore] [STDOUT] removing
[14:04:43] [wcore-redislisten-thread-pool-0/WARN]: Nag author(s): '[nootnoot]' of 'WCore v1.0.0' about their usage of System.out/err.print. Please use your plugin's logger instead (JavaPlugin#getLogger).
[14:05:33] [wcore-redislisten-thread-pool-0/INFO]: [WCore] [STDOUT] removing
[14:08:03] [Server thread/INFO]: No player was found
[14:11:35] [wcore-redislisten-thread-pool-0/INFO]: [WCore] [STDOUT] removing
[14:11:35] [wcore-redislisten-thread-pool-0/WARN]: Nag author(s): '[nootnoot]' of 'WCore v1.0.0' about their usage of System.out/err.print. Please use your plugin's logger instead (JavaPlugin#getLogger).
[14:11:41] [wcore-redislisten-thread-pool-0/INFO]: [WCore] [STDOUT] removing
[14:13:03] [wcore-redislisten-thread-pool-0/INFO]: [WCore] [STDOUT] removing
[14:16:12] [wcore-redislisten-thread-pool-0/INFO]: [WCore] [STDOUT] removing
[14:19:16] [wcore-redislisten-thread-pool-0/INFO]: [WCore] [STDOUT] removing
[14:19:16] [wcore-redislisten-thread-pool-0/WARN]: Nag author(s): '[nootnoot]' of 'WCore v1.0.0' about their usage of System.out/err.print. Please use your plugin's logger instead (JavaPlugin#getLogger).
[14:27:45] [wcore-redislisten-thread-pool-0/INFO]: [WCore] [STDOUT] removing
[14:27:45] [wcore-redislisten-thread-pool-0/WARN]: Nag author(s): '[nootnoot]' of 'WCore v1.0.0' about their usage of System.out/err.print. Please use your plugin's logger instead (JavaPlugin#getLogger).
[14:34:37] [wcore-redislisten-thread-pool-0/INFO]: [WCore] [STDOUT] removing
[14:34:37] [wcore-redislisten-thread-pool-0/WARN]: Nag author(s): '[nootnoot]' of 'WCore v1.0.0' about their usage of System.out/err.print. Please use your plugin's logger instead (JavaPlugin#getLogger).
[14:37:10] [wcore-redislisten-thread-pool-0/INFO]: [WCore] [STDOUT] removing
[14:37:37] [wcore-redislisten-thread-pool-0/INFO]: [WCore] [STDOUT] removing
[14:49:42] [wcore-redislisten-thread-pool-0/INFO]: [WCore] [STDOUT] removing
[14:49:42] [wcore-redislisten-thread-pool-0/WARN]: Nag author(s): '[nootnoot]' of 'WCore v1.0.0' about their usage of System.out/err.print. Please use your plugin's logger instead (JavaPlugin#getLogger).
[15:00:01] [wcore-redislisten-thread-pool-0/INFO]: [WCore] [STDOUT] removing
[15:00:01] [wcore-redislisten-thread-pool-0/WARN]: Nag author(s): '[nootnoot]' of 'WCore v1.0.0' about their usage of System.out/err.print. Please use your plugin's logger instead (JavaPlugin#getLogger).
[15:03:09] [Server thread/INFO]: No player was found
[15:08:47] [wcore-redislisten-thread-pool-0/INFO]: [WCore] [STDOUT] removing
[15:08:47] [wcore-redislisten-thread-pool-0/WARN]: Nag author(s): '[nootnoot]' of 'WCore v1.0.0' about their usage of System.out/err.print. Please use your plugin's logger instead (JavaPlugin#getLogger).
[15:12:41] [wcore-redislisten-thread-pool-0/INFO]: [WCore] [STDOUT] removing
[15:15:07] [wcore-redislisten-thread-pool-0/INFO]: [WCore] [STDOUT] removing
[15:15:07] [wcore-redislisten-thread-pool-0/WARN]: Nag author(s): '[nootnoot]' of 'WCore v1.0.0' about their usage of System.out/err.print. Please use your plugin's logger instead (JavaPlugin#getLogger).
[15:19:08] [wcore-redislisten-thread-pool-0/INFO]: [WCore] [STDOUT] removing
[15:21:43] [wcore-redislisten-thread-pool-0/INFO]: [WCore] [STDOUT] removing
[15:21:43] [wcore-redislisten-thread-pool-0/WARN]: Nag author(s): '[nootnoot]' of 'WCore v1.0.0' about their usage of System.out/err.print. Please use your plugin's logger instead (JavaPlugin#getLogger).
[15:27:25] [wcore-redislisten-thread-pool-0/INFO]: [WCore] [STDOUT] removing
[15:27:25] [wcore-redislisten-thread-pool-0/WARN]: Nag author(s): '[nootnoot]' of 'WCore v1.0.0' about their usage of System.out/err.print. Please use your plugin's logger instead (JavaPlugin#getLogger).
[15:28:52] [wcore-redislisten-thread-pool-0/INFO]: [WCore] [STDOUT] removing
[15:30:16] [wcore-redislisten-thread-pool-0/INFO]: [WCore] [STDOUT] removing
[15:46:02] [wcore-redislisten-thread-pool-0/INFO]: [WCore] [STDOUT] removing
[15:46:02] [wcore-redislisten-thread-pool-0/WARN]: Nag author(s): '[nootnoot]' of 'WCore v1.0.0' about their usage of System.out/err.print. Please use your plugin's logger instead (JavaPlugin#getLogger).
[15:53:47] [wcore-redislisten-thread-pool-0/INFO]: [WCore] [STDOUT] removing
[15:53:47] [wcore-redislisten-thread-pool-0/WARN]: Nag author(s): '[nootnoot]' of 'WCore v1.0.0' about their usage of System.out/err.print. Please use your plugin's logger instead (JavaPlugin#getLogger).
[15:54:06] [wcore-redislisten-thread-pool-0/INFO]: [WCore] [STDOUT] removing
[16:00:27] [wcore-redislisten-thread-pool-0/INFO]: [WCore] [STDOUT] removing
[16:00:27] [wcore-redislisten-thread-pool-0/WARN]: Nag author(s): '[nootnoot]' of 'WCore v1.0.0' about their usage of System.out/err.print. Please use your plugin's logger instead (JavaPlugin#getLogger).
[16:00:47] [wcore-redislisten-thread-pool-0/INFO]: [WCore] [STDOUT] removing
[16:02:17] [wcore-redislisten-thread-pool-0/INFO]: [WCore] [STDOUT] removing
[16:02:33] [wcore-redislisten-thread-pool-0/INFO]: [WCore] [STDOUT] removing
[16:05:31] [Server thread/INFO]: No player was found
[16:21:08] [wcore-redislisten-thread-pool-0/INFO]: [WCore] [STDOUT] removing
[16:21:08] [wcore-redislisten-thread-pool-0/WARN]: Nag author(s): '[nootnoot]' of 'WCore v1.0.0' about their usage of System.out/err.print. Please use your plugin's logger instead (JavaPlugin#getLogger).
[16:23:56] [wcore-redislisten-thread-pool-0/INFO]: [WCore] [STDOUT] removing
[16:32:53] [wcore-redislisten-thread-pool-0/INFO]: [WCore] [STDOUT] removing
[16:32:53] [wcore-redislisten-thread-pool-0/WARN]: Nag author(s): '[nootnoot]' of 'WCore v1.0.0' about their usage of System.out/err.print. Please use your plugin's logger instead (JavaPlugin#getLogger).
[16:43:54] [wcore-redislisten-thread-pool-0/INFO]: [WCore] [STDOUT] removing
[16:43:54] [wcore-redislisten-thread-pool-0/WARN]: Nag author(s): '[nootnoot]' of 'WCore v1.0.0' about their usage of System.out/err.print. Please use your plugin's logger instead (JavaPlugin#getLogger).
[16:54:00] [wcore-redislisten-thread-pool-0/INFO]: [WCore] [STDOUT] removing
[16:54:00] [wcore-redislisten-thread-pool-0/WARN]: Nag author(s): '[nootnoot]' of 'WCore v1.0.0' about their usage of System.out/err.print. Please use your plugin's logger instead (JavaPlugin#getLogger).
[16:54:37] [wcore-redislisten-thread-pool-0/INFO]: [WCore] [STDOUT] removing
[16:57:50] [wcore-redislisten-thread-pool-0/INFO]: [WCore] [STDOUT] removing
[16:59:25] [wcore-redislisten-thread-pool-0/INFO]: [WCore] [STDOUT] removing
[16:59:25] [wcore-redislisten-thread-pool-0/WARN]: Nag author(s): '[nootnoot]' of 'WCore v1.0.0' about their usage of System.out/err.print. Please use your plugin's logger instead (JavaPlugin#getLogger).
[17:00:49] [wcore-redislisten-thread-pool-0/INFO]: [WCore] [STDOUT] removing
[17:02:28] [wcore-redislisten-thread-pool-0/INFO]: [WCore] [STDOUT] removing
[17:06:00] [wcore-redislisten-thread-pool-0/INFO]: [WCore] [STDOUT] removing
[17:06:00] [wcore-redislisten-thread-pool-0/WARN]: Nag author(s): '[nootnoot]' of 'WCore v1.0.0' about their usage of System.out/err.print. Please use your plugin's logger instead (JavaPlugin#getLogger).
[17:06:17] [wcore-redislisten-thread-pool-0/INFO]: [WCore] [STDOUT] removing
[17:06:26] [wcore-redislisten-thread-pool-0/INFO]: [WCore] [STDOUT] removing
[17:08:06] [wcore-redislisten-thread-pool-0/INFO]: [WCore] [STDOUT] removing
[17:08:47] [wcore-redislisten-thread-pool-0/INFO]: [WCore] [STDOUT] removing
[17:09:01] [wcore-redislisten-thread-pool-0/INFO]: [WCore] [STDOUT] removing
[17:09:50] [Server thread/INFO]: No player was found
[17:13:18] [wcore-redislisten-thread-pool-0/INFO]: [WCore] [STDOUT] removing
[17:13:18] [wcore-redislisten-thread-pool-0/WARN]: Nag author(s): '[nootnoot]' of 'WCore v1.0.0' about their usage of System.out/err.print. Please use your plugin's logger instead (JavaPlugin#getLogger).
[17:13:54] [wcore-redislisten-thread-pool-0/INFO]: [WCore] [STDOUT] removing
[17:15:03] [wcore-redislisten-thread-pool-0/INFO]: [WCore] [STDOUT] removing
[17:17:01] [wcore-redislisten-thread-pool-0/INFO]: [WCore] [STDOUT] removing
[17:20:46] [wcore-redislisten-thread-pool-0/INFO]: [WCore] [STDOUT] removing
[17:20:46] [wcore-redislisten-thread-pool-0/WARN]: Nag author(s): '[nootnoot]' of 'WCore v1.0.0' about their usage of System.out/err.print. Please use your plugin's logger instead (JavaPlugin#getLogger).
[17:22:06] [Server thread/INFO]: No player was found
[17:22:43] [wcore-redislisten-thread-pool-0/INFO]: [WCore] [STDOUT] removing
[17:23:15] [wcore-redislisten-thread-pool-0/INFO]: [WCore] [STDOUT] removing
[17:25:24] [wcore-redislisten-thread-pool-0/INFO]: [WCore] [STDOUT] removing
[17:25:56] [wcore-redislisten-thread-pool-0/INFO]: [WCore] [STDOUT] removing
[17:25:56] [wcore-redislisten-thread-pool-0/WARN]: Nag author(s): '[nootnoot]' of 'WCore v1.0.0' about their usage of System.out/err.print. Please use your plugin's logger instead (JavaPlugin#getLogger).
[17:25:59] [wcore-redislisten-thread-pool-0/INFO]: [WCore] [STDOUT] removing
[17:26:43] [wcore-redislisten-thread-pool-0/INFO]: [WCore] [STDOUT] removing
[17:28:15] [wcore-redislisten-thread-pool-0/INFO]: [WCore] [STDOUT] removing
[17:29:04] [wcore-redislisten-thread-pool-0/INFO]: [WCore] [STDOUT] removing
[17:30:04] [wcore-redislisten-thread-pool-0/INFO]: [WCore] [STDOUT] removing
[17:31:24] [wcore-redislisten-thread-pool-0/INFO]: [WCore] [STDOUT] removing
[17:31:24] [wcore-redislisten-thread-pool-0/WARN]: Nag author(s): '[nootnoot]' of 'WCore v1.0.0' about their usage of System.out/err.print. Please use your plugin's logger instead (JavaPlugin#getLogger).
[17:32:47] [wcore-redislisten-thread-pool-0/INFO]: [WCore] [STDOUT] removing
[17:32:54] [wcore-redislisten-thread-pool-0/INFO]: [WCore] [STDOUT] removing
[17:33:30] [wcore-redislisten-thread-pool-0/INFO]: [WCore] [STDOUT] removing
[17:34:13] [wcore-redislisten-thread-pool-0/INFO]: [WCore] [STDOUT] removing
[17:34:18] [wcore-redislisten-thread-pool-0/INFO]: [WCore] [STDOUT] removing
[17:36:10] [wcore-redislisten-thread-pool-0/INFO]: [WCore] [STDOUT] removing
[17:36:17] [wcore-redislisten-thread-pool-0/INFO]: [WCore] [STDOUT] removing
[17:36:55] [wcore-redislisten-thread-pool-0/INFO]: [WCore] [STDOUT] removing
[17:36:55] [wcore-redislisten-thread-pool-0/WARN]: Nag author(s): '[nootnoot]' of 'WCore v1.0.0' about their usage of System.out/err.print. Please use your plugin's logger instead (JavaPlugin#getLogger).
[17:37:26] [wcore-redislisten-thread-pool-0/INFO]: [WCore] [STDOUT] removing
[17:38:05] [wcore-redislisten-thread-pool-0/INFO]: [WCore] [STDOUT] removing
[17:38:08] [wcore-redislisten-thread-pool-0/INFO]: [WCore] [STDOUT] removing
[17:39:37] [wcore-redislisten-thread-pool-0/INFO]: [WCore] [STDOUT] removing
